#! /usr/bin/vvp
:ivl_version "10.3 (stable)";
:ivl_delay_selection "TYPICAL";
:vpi_time_precision - 12;
:vpi_module "system";
:vpi_module "vhdl_sys";
:vpi_module "v2005_math";
:vpi_module "va_math";
S_0x5619c2dfe4f0 .scope module, "tb_Sequence_Detector_Moore_FSM_Verilog" "tb_Sequence_Detector_Moore_FSM_Verilog" 2 5;
 .timescale -9 -12;
v0x5619c2e14c40_0 .var "clock", 0 0;
v0x5619c2e14d00_0 .net "detector_out", 0 0, v0x5619c2e14840_0;  1 drivers
v0x5619c2e14dd0_0 .var "reset", 0 0;
v0x5619c2e14ed0_0 .var "sequence_in", 0 0;
S_0x5619c2dfe670 .scope module, "uut" "Sequence_Detector_MOORE_Verilog" 2 16, 3 4 0, S_0x5619c2dfe4f0;
 .timescale 0 0;
    .port_info 0 /INPUT 1 "sequence_in"
    .port_info 1 /INPUT 1 "clock"
    .port_info 2 /INPUT 1 "reset"
    .port_info 3 /OUTPUT 1 "detector_out"
P_0x5619c2dc3060 .param/l "One" 0 3 11, C4<001>;
P_0x5619c2dc30a0 .param/l "OneOne" 0 3 12, C4<011>;
P_0x5619c2dc30e0 .param/l "OneOneOne" 0 3 13, C4<010>;
P_0x5619c2dc3120 .param/l "OneOneOneOne" 0 3 14, C4<110>;
P_0x5619c2dc3160 .param/l "Zero" 0 3 10, C4<000>;
v0x5619c2dc33a0_0 .net "clock", 0 0, v0x5619c2e14c40_0;  1 drivers
v0x5619c2e14760_0 .var "current_state", 2 0;
v0x5619c2e14840_0 .var "detector_out", 0 0;
v0x5619c2e14910_0 .var "next_state", 2 0;
v0x5619c2e149f0_0 .net "reset", 0 0, v0x5619c2e14dd0_0;  1 drivers
v0x5619c2e14b00_0 .net "sequence_in", 0 0, v0x5619c2e14ed0_0;  1 drivers
E_0x5619c2df8d50 .event edge, v0x5619c2e14760_0;
E_0x5619c2df8590 .event edge, v0x5619c2e14b00_0, v0x5619c2e14760_0;
E_0x5619c2df8ea0 .event posedge, v0x5619c2e149f0_0, v0x5619c2dc33a0_0;
    .scope S_0x5619c2dfe670;
T_0 ;
    %wait E_0x5619c2df8ea0;
    %load/vec4 v0x5619c2e149f0_0;
    %pad/u 32;
    %cmpi/e 1, 0, 32;
    %jmp/0xz  T_0.0, 4;
    %pushi/vec4 0, 0, 3;
    %assign/vec4 v0x5619c2e14760_0, 0;
    %jmp T_0.1;
T_0.0 ;
    %load/vec4 v0x5619c2e14910_0;
    %assign/vec4 v0x5619c2e14760_0, 0;
T_0.1 ;
    %jmp T_0;
    .thread T_0;
    .scope S_0x5619c2dfe670;
T_1 ;
    %wait E_0x5619c2df8590;
    %load/vec4 v0x5619c2e14760_0;
    %dup/vec4;
    %pushi/vec4 0, 0, 3;
    %cmp/u;
    %jmp/1 T_1.0, 6;
    %dup/vec4;
    %pushi/vec4 1, 0, 3;
    %cmp/u;
    %jmp/1 T_1.1, 6;
    %dup/vec4;
    %pushi/vec4 3, 0, 3;
    %cmp/u;
    %jmp/1 T_1.2, 6;
    %dup/vec4;
    %pushi/vec4 2, 0, 3;
    %cmp/u;
    %jmp/1 T_1.3, 6;
    %dup/vec4;
    %pushi/vec4 6, 0, 3;
    %cmp/u;
    %jmp/1 T_1.4, 6;
    %pushi/vec4 0, 0, 3;
    %store/vec4 v0x5619c2e14910_0, 0, 3;
    %jmp T_1.6;
T_1.0 ;
    %load/vec4 v0x5619c2e14b00_0;
    %pad/u 32;
    %cmpi/e 1, 0, 32;
    %jmp/0xz  T_1.7, 4;
    %pushi/vec4 1, 0, 3;
    %store/vec4 v0x5619c2e14910_0, 0, 3;
    %jmp T_1.8;
T_1.7 ;
    %pushi/vec4 0, 0, 3;
    %store/vec4 v0x5619c2e14910_0, 0, 3;
T_1.8 ;
    %jmp T_1.6;
T_1.1 ;
    %load/vec4 v0x5619c2e14b00_0;
    %pad/u 32;
    %cmpi/e 1, 0, 32;
    %jmp/0xz  T_1.9, 4;
    %pushi/vec4 3, 0, 3;
    %store/vec4 v0x5619c2e14910_0, 0, 3;
    %jmp T_1.10;
T_1.9 ;
    %pushi/vec4 0, 0, 3;
    %store/vec4 v0x5619c2e14910_0, 0, 3;
T_1.10 ;
    %jmp T_1.6;
T_1.2 ;
    %load/vec4 v0x5619c2e14b00_0;
    %pad/u 32;
    %cmpi/e 1, 0, 32;
    %jmp/0xz  T_1.11, 4;
    %pushi/vec4 2, 0, 3;
    %store/vec4 v0x5619c2e14910_0, 0, 3;
    %jmp T_1.12;
T_1.11 ;
    %pushi/vec4 0, 0, 3;
    %store/vec4 v0x5619c2e14910_0, 0, 3;
T_1.12 ;
    %jmp T_1.6;
T_1.3 ;
    %load/vec4 v0x5619c2e14b00_0;
    %pad/u 32;
    %cmpi/e 1, 0, 32;
    %jmp/0xz  T_1.13, 4;
    %pushi/vec4 6, 0, 3;
    %store/vec4 v0x5619c2e14910_0, 0, 3;
    %jmp T_1.14;
T_1.13 ;
    %pushi/vec4 0, 0, 3;
    %store/vec4 v0x5619c2e14910_0, 0, 3;
T_1.14 ;
    %jmp T_1.6;
T_1.4 ;
    %load/vec4 v0x5619c2e14b00_0;
    %pad/u 32;
    %cmpi/e 0, 0, 32;
    %jmp/0xz  T_1.15, 4;
    %pushi/vec4 0, 0, 3;
    %store/vec4 v0x5619c2e14910_0, 0, 3;
    %jmp T_1.16;
T_1.15 ;
    %pushi/vec4 6, 0, 3;
    %store/vec4 v0x5619c2e14910_0, 0, 3;
T_1.16 ;
    %jmp T_1.6;
T_1.6 ;
    %pop/vec4 1;
    %jmp T_1;
    .thread T_1, $push;
    .scope S_0x5619c2dfe670;
T_2 ;
    %wait E_0x5619c2df8d50;
    %load/vec4 v0x5619c2e14760_0;
    %dup/vec4;
    %pushi/vec4 0, 0, 3;
    %cmp/u;
    %jmp/1 T_2.0, 6;
    %dup/vec4;
    %pushi/vec4 1, 0, 3;
    %cmp/u;
    %jmp/1 T_2.1, 6;
    %dup/vec4;
    %pushi/vec4 3, 0, 3;
    %cmp/u;
    %jmp/1 T_2.2, 6;
    %dup/vec4;
    %pushi/vec4 2, 0, 3;
    %cmp/u;
    %jmp/1 T_2.3, 6;
    %dup/vec4;
    %pushi/vec4 6, 0, 3;
    %cmp/u;
    %jmp/1 T_2.4, 6;
    %pushi/vec4 0, 0, 1;
    %store/vec4 v0x5619c2e14840_0, 0, 1;
    %jmp T_2.6;
T_2.0 ;
    %pushi/vec4 0, 0, 1;
    %store/vec4 v0x5619c2e14840_0, 0, 1;
    %jmp T_2.6;
T_2.1 ;
    %pushi/vec4 0, 0, 1;
    %store/vec4 v0x5619c2e14840_0, 0, 1;
    %jmp T_2.6;
T_2.2 ;
    %pushi/vec4 0, 0, 1;
    %store/vec4 v0x5619c2e14840_0, 0, 1;
    %jmp T_2.6;
T_2.3 ;
    %pushi/vec4 0, 0, 1;
    %store/vec4 v0x5619c2e14840_0, 0, 1;
    %jmp T_2.6;
T_2.4 ;
    %pushi/vec4 1, 0, 1;
    %store/vec4 v0x5619c2e14840_0, 0, 1;
    %jmp T_2.6;
T_2.6 ;
    %pop/vec4 1;
    %jmp T_2;
    .thread T_2, $push;
    .scope S_0x5619c2dfe4f0;
T_3 ;
    %vpi_call 2 23 "$dumpfile", "seq_det.vcd" {0 0 0};
    %vpi_call 2 24 "$dumpvars", 32'sb00000000000000000000000000000000, S_0x5619c2dfe4f0 {0 0 0};
    %pushi/vec4 0, 0, 1;
    %store/vec4 v0x5619c2e14c40_0, 0, 1;
T_3.0 ;
    %delay 5000, 0;
    %load/vec4 v0x5619c2e14c40_0;
    %inv;
    %store/vec4 v0x5619c2e14c40_0, 0, 1;
    %jmp T_3.0;
    %end;
    .thread T_3;
    .scope S_0x5619c2dfe4f0;
T_4 ;
    %pushi/vec4 0, 0, 1;
    %store/vec4 v0x5619c2e14ed0_0, 0, 1;
    %pushi/vec4 1, 0, 1;
    %store/vec4 v0x5619c2e14dd0_0, 0, 1;
    %delay 30000, 0;
    %pushi/vec4 0, 0, 1;
    %store/vec4 v0x5619c2e14dd0_0, 0, 1;
    %delay 40000, 0;
    %pushi/vec4 0, 0, 1;
    %store/vec4 v0x5619c2e14ed0_0, 0, 1;
    %delay 10000, 0;
    %pushi/vec4 0, 0, 1;
    %store/vec4 v0x5619c2e14ed0_0, 0, 1;
    %delay 10000, 0;
    %pushi/vec4 1, 0, 1;
    %store/vec4 v0x5619c2e14ed0_0, 0, 1;
    %delay 20000, 0;
    %pushi/vec4 0, 0, 1;
    %store/vec4 v0x5619c2e14ed0_0, 0, 1;
    %delay 20000, 0;
    %pushi/vec4 1, 0, 1;
    %store/vec4 v0x5619c2e14ed0_0, 0, 1;
    %delay 20000, 0;
    %pushi/vec4 1, 0, 1;
    %store/vec4 v0x5619c2e14ed0_0, 0, 1;
    %delay 20000, 0;
    %pushi/vec4 1, 0, 1;
    %store/vec4 v0x5619c2e14ed0_0, 0, 1;
    %delay 20000, 0;
    %pushi/vec4 1, 0, 1;
    %store/vec4 v0x5619c2e14ed0_0, 0, 1;
    %delay 20000, 0;
    %pushi/vec4 0, 0, 1;
    %store/vec4 v0x5619c2e14ed0_0, 0, 1;
    %delay 20000, 0;
    %pushi/vec4 0, 0, 1;
    %store/vec4 v0x5619c2e14ed0_0, 0, 1;
    %end;
    .thread T_4;
# The file index is used to find the file name in the following table.
:file_names 4;
    "N/A";
    "<interactive>";
    "iiitb_seq_det_moore_fsm_tb.v";
    "iiitb_seq_det_moore_fsm.v";
